<?xml version="1.0" encoding="UTF-8"?>
<testsuite name="getOrderById" tests="2" skipped="0" failures="0" errors="0" timestamp="2026-02-11T21:01:12.655Z" hostname="RubenS" time="11.734">
  <properties/>
  <testcase name="returns empty when repository has no order" classname="com.example.management.application.services.OrderApplicationServiceTest$GetOrderById" time="11.539"/>
  <testcase name="returns order when repository has it" classname="com.example.management.application.services.OrderApplicationServiceTest$GetOrderById" time="0.137"/>
  <system-out><![CDATA[]]></system-out>
  <system-err><![CDATA[WARNING: A Java agent has been loaded dynamically (/home/root/.gradle/caches/modules-2/files-2.1/net.bytebuddy/byte-buddy-agent/1.14.10/90ed94ac044ea8953b224304c762316e91fd6b31/byte-buddy-agent-1.14.10.jar)
WARNING: If a serviceability tool is in use, please run with -XX:+EnableDynamicAgentLoading to hide this warning
WARNING: If a serviceability tool is not in use, please run with -Djdk.instrument.traceUsage for more information
WARNING: Dynamic loading of agents will be disallowed by default in a future release
]]></system-err>
</testsuite>
